<?xml version="1.0" encoding="UTF-8"?>
<!-- Generated by org.testng.reporters.JUnitReportReporter -->
<testsuite hostname="MacBook-Air-de-shebah.local" failures="0" tests="1" name="may7.artimay78.may7testcas" time="3.834" errors="0" timestamp="7 May 2020 15:56:08 GMT">
  <testcase classname="may7.artimay78.may7testcas" name="testEasy" time="3.834"/>
</testsuite> <!-- may7.artimay78.may7testcas -->
